<?xml version="1.0" encoding="UTF-8"?>
<!-- Generated by org.testng.reporters.JUnitReportReporter -->
<testsuite hostname="DESKTOP-5V76NB6" failures="0" tests="26" name="runner.TestRunner" time="665.500" errors="0" timestamp="2024-02-22T16:43:18 IST" skipped="0">
  <testcase classname="runner.TestRunner" name="runScenario" time="27.877"/>
  <system-out/>
  <testcase classname="runner.TestRunner" name="runScenario" time="6.605"/>
  <system-out/>
  <testcase classname="runner.TestRunner" name="runScenario" time="11.567"/>
  <system-out/>
  <testcase classname="runner.TestRunner" name="runScenario" time="5.096"/>
  <system-out/>
  <testcase classname="runner.TestRunner" name="runScenario" time="30.890"/>
  <system-out/>
  <testcase classname="runner.TestRunner" name="runScenario" time="28.360"/>
  <system-out/>
  <testcase classname="runner.TestRunner" name="runScenario" time="23.171"/>
  <system-out/>
  <testcase classname="runner.TestRunner" name="runScenario" time="18.758"/>
  <system-out/>
  <testcase classname="runner.TestRunner" name="runScenario" time="38.241"/>
  <system-out/>
  <testcase classname="runner.TestRunner" name="runScenario" time="34.610"/>
  <system-out/>
  <testcase classname="runner.TestRunner" name="runScenario" time="48.152"/>
  <system-out/>
  <testcase classname="runner.TestRunner" name="runScenario" time="11.536"/>
  <system-out/>
  <testcase classname="runner.TestRunner" name="runScenario" time="36.060"/>
  <system-out/>
  <testcase classname="runner.TestRunner" name="runScenario" time="19.173"/>
  <system-out/>
  <testcase classname="runner.TestRunner" name="runScenario" time="3.543"/>
  <system-out/>
  <testcase classname="runner.TestRunner" name="runScenario" time="28.592"/>
  <system-out/>
  <testcase classname="runner.TestRunner" name="runScenario" time="34.568"/>
  <system-out/>
  <testcase classname="runner.TestRunner" name="runScenario" time="45.921"/>
  <system-out/>
  <testcase classname="runner.TestRunner" name="runScenario" time="5.536"/>
  <system-out/>
  <testcase classname="runner.TestRunner" name="runScenario" time="77.257"/>
  <system-out/>
  <testcase classname="runner.TestRunner" name="runScenario" time="42.147"/>
  <system-out/>
  <testcase classname="runner.TestRunner" name="runScenario" time="2.740"/>
  <system-out/>
  <testcase classname="runner.TestRunner" name="runScenario" time="18.828"/>
  <system-out/>
  <testcase classname="runner.TestRunner" name="runScenario" time="25.328"/>
  <system-out/>
  <testcase classname="runner.TestRunner" name="runScenario" time="27.358"/>
  <system-out/>
  <testcase classname="runner.TestRunner" name="runScenario" time="13.586"/>
  <system-out/>
</testsuite> <!-- runner.TestRunner -->
