<?xml version="1.0" encoding="UTF-8"?>
<!-- Generated by org.testng.reporters.JUnitReportReporter -->
<testsuite hostname="DESKTOP-5V76NB6" failures="0" tests="3" name="stepdefination.testNg" time="0.011" errors="0" timestamp="2023-10-09T12:22:26 IST" skipped="0">
  <testcase classname="stepdefination.testNg" name="TC3" time="0.008"/>
  <testcase classname="stepdefination.testNg" name="TC2" time="0.001"/>
  <testcase classname="stepdefination.testNg" name="TC1" time="0.002"/>
</testsuite> <!-- stepdefination.testNg -->
